mode: set
github.com/hirakc/learn-go-with-tests/hello/hello.go:10.42,11.16 1 1
github.com/hirakc/learn-go-with-tests/hello/hello.go:14.2,14.40 1 1
github.com/hirakc/learn-go-with-tests/hello/hello.go:11.16,13.3 1 1
github.com/hirakc/learn-go-with-tests/hello/hello.go:17.54,18.18 1 1
github.com/hirakc/learn-go-with-tests/hello/hello.go:27.2,27.8 1 1
github.com/hirakc/learn-go-with-tests/hello/hello.go:19.14,20.29 1 0
github.com/hirakc/learn-go-with-tests/hello/hello.go:21.15,22.30 1 1
github.com/hirakc/learn-go-with-tests/hello/hello.go:23.10,24.30 1 1
